2026-07-18 06:59:21 | INFO | ML | === RUN START ===
2026-07-18 06:59:21 | INFO | ML | project=ML
2026-07-18 06:59:21 | INFO | ML | repo_dir=ml-03-classification
2026-07-18 06:59:21 | INFO | ML | python=3.14.2
2026-07-18 06:59:21 | INFO | ML | os=Windows 11
2026-07-18 06:59:21 | INFO | ML | shell=powershell
2026-07-18 06:59:21 | INFO | ML | cwd=.
2026-07-18 06:59:21 | INFO | ML | github_actions=False
2026-07-18 06:59:21 | INFO | ML | === RUN START ===
2026-07-18 06:59:21 | INFO | ML | project=ML
2026-07-18 06:59:21 | INFO | ML | repo_dir=ml-03-classification
2026-07-18 06:59:21 | INFO | ML | python=3.14.2
2026-07-18 06:59:21 | INFO | ML | os=Windows 11
2026-07-18 06:59:21 | INFO | ML | shell=powershell
2026-07-18 06:59:21 | INFO | ML | cwd=.
2026-07-18 06:59:21 | INFO | ML | github_actions=False
2026-07-18 06:59:21 | INFO | ML | ========================
2026-07-18 06:59:21 | INFO | ML | START main()
2026-07-18 06:59:21 | INFO | ML | ========================
2026-07-18 06:59:21 | INFO | ML | Load dataset..............
2026-07-18 06:59:21 | INFO | ML | Loading dataset: hours_scores_case
2026-07-18 06:59:21 | INFO | ML | Loaded: 10 rows, 6 columns
2026-07-18 06:59:21 | DEBUG | ML | 
   hours_studied  practice_quizzes  attendance_pct  sleep_hours  prior_score  score
0            2.0                 1              72          6.0           58     62
1            3.5                 2              80          6.5           61     68
2            4.0                 3              85          7.0           64     72
3            5.0                 3              88          7.5           66     76
4            6.0                 4              90          7.0           70     81
2026-07-18 06:59:21 | INFO | ML | Inspect dataset...........
2026-07-18 06:59:21 | INFO | ML | Column names
2026-07-18 06:59:21 | DEBUG | ML | ['hours_studied', 'practice_quizzes', 'attendance_pct', 'sleep_hours', 'prior_score', 'score']
2026-07-18 06:59:21 | INFO | ML | DataFrame info
2026-07-18 06:59:21 | INFO | ML | Dataset shape: 10 rows, 6 columns
2026-07-18 06:59:21 | INFO | ML | Check data quality........
2026-07-18 06:59:21 | INFO | ML | Missing values by column
2026-07-18 06:59:21 | DEBUG | ML | 
hours_studied       0
practice_quizzes    0
attendance_pct      0
sleep_hours         0
prior_score         0
score               0
dtype: int64
2026-07-18 06:59:21 | INFO | ML | Duplicate row count: 0
2026-07-18 06:59:21 | INFO | ML | Create clean view.........
2026-07-18 06:59:21 | INFO | ML | Creating clean modeling view
2026-07-18 06:59:21 | INFO | ML | Clean view: 10 rows, 6 columns
2026-07-18 06:59:21 | INFO | ML | Train supervised model....
2026-07-18 06:59:21 | INFO | ML | Training LinearRegression model
2026-07-18 06:59:21 | INFO | ML | Mean absolute error: 0.48
2026-07-18 06:59:21 | INFO | ML | R-squared: 1.00
2026-07-18 06:59:21 | INFO | ML | Predict one case..........
2026-07-18 06:59:21 | INFO | ML | Predicting one new case
2026-07-18 06:59:21 | INFO | ML | New case:
   hours_studied  practice_quizzes  attendance_pct  sleep_hours  prior_score
0            6.5                 4              92          7.0           72
2026-07-18 06:59:21 | INFO | ML | Predicted score: 83.4
2026-07-18 06:59:21 | INFO | ML | Create charts.............
2026-07-18 06:59:21 | INFO | ML | Creating chart: hours studied vs score
2026-07-18 06:59:22 | INFO | ML | Creating chart: model coefficients
2026-07-18 06:59:22 | INFO | ML | Got a figure Figure(900x500) and axes Axes(0.125,0.11;0.775x0.77) from plt.subplots().
2026-07-18 06:59:22 | INFO | ML | Summarize workflow........
2026-07-18 06:59:22 | INFO | ML | ========================
2026-07-18 06:59:22 | INFO | ML | SUMMARY
2026-07-18 06:59:22 | INFO | ML | ========================
2026-07-18 06:59:22 | INFO | ML | Dataset: hours_scores_case
2026-07-18 06:59:22 | INFO | ML | Original rows: 10
2026-07-18 06:59:22 | INFO | ML | Clean rows: 10
2026-07-18 06:59:22 | INFO | ML | Features: ['hours_studied', 'practice_quizzes', 'attendance_pct', 'sleep_hours', 'prior_score']
2026-07-18 06:59:22 | INFO | ML | Target: score
2026-07-18 06:59:22 | INFO | ML | ----- in a script, call plt.show() once at the end to display all charts -----
2026-07-18 06:59:22 | INFO | ML | ----- in a script, CLOSE the chart windows with the close button to CONTINUE -----
2026-07-18 07:00:40 | INFO | ML | Workflow complete
2026-07-18 07:00:40 | INFO | ML | IMPORTANT: This script creates chart windows.
2026-07-18 07:00:40 | INFO | ML | Close chart windows and terminate this process with CTRL+c as needed.
2026-07-18 07:00:40 | INFO | ML | ========================
2026-07-18 07:00:40 | INFO | ML | Executed successfully!
2026-07-18 07:00:40 | INFO | ML | ========================
2026-07-18 07:49:47 | INFO | M03 | === RUN START ===
2026-07-18 07:49:47 | INFO | M03 | project=M03
2026-07-18 07:49:47 | INFO | M03 | repo_dir=ml-03-classification
2026-07-18 07:49:47 | INFO | M03 | python=3.14.2
2026-07-18 07:49:47 | INFO | M03 | os=Windows 11
2026-07-18 07:49:47 | INFO | M03 | shell=powershell
2026-07-18 07:49:47 | INFO | M03 | cwd=notebooks
2026-07-18 07:49:47 | INFO | M03 | github_actions=False
2026-07-18 07:49:47 | INFO | M03 | Confirming installation:
2026-07-18 07:49:47 | INFO | M03 |   python:       3.14.2
2026-07-18 07:49:47 | INFO | M03 |   pandas:       3.0.3
2026-07-18 07:49:47 | INFO | M03 |   numpy:        2.5.1
2026-07-18 07:49:47 | INFO | M03 |   scikit-learn: 1.9.0
2026-07-18 07:49:47 | INFO | M03 |   seaborn:      0.13.2
2026-07-18 07:49:47 | INFO | M03 |   matplotlib:   3.11.1
2026-07-18 07:49:47 | INFO | M03 | Loading dataset: penguins
2026-07-18 07:49:47 | INFO | M03 | Loaded: 344 rows (instances), 7 columns
2026-07-18 07:49:47 | INFO | M03 | Original rows: 344
2026-07-18 07:49:47 | INFO | M03 | Model rows:    342
2026-07-18 07:49:47 | INFO | M03 | Classes in target 'species': ['Adelie', 'Chinstrap', 'Gentoo']
2026-07-18 07:49:47 | DEBUG | M03 | Class counts:
species
Adelie       151
Gentoo       123
Chinstrap     68
Name: count, dtype: int64
2026-07-18 07:49:47 | INFO | M03 | Train instances: 273
2026-07-18 07:49:47 | INFO | M03 | Test instances: 69
2026-07-18 07:49:47 | INFO | M03 | Fitting DecisionTreeClassifier(max_depth=3)
2026-07-18 07:49:47 | INFO | M03 | Test accuracy: 0.986
2026-07-18 07:49:47 | INFO | M03 | Per-class precision / recall / F1:
2026-07-18 07:49:47 | DEBUG | M03 | 
              precision    recall  f1-score   support

      Adelie       0.97      1.00      0.98        30
   Chinstrap       1.00      0.93      0.96        14
      Gentoo       1.00      1.00      1.00        25

    accuracy                           0.99        69
   macro avg       0.99      0.98      0.98        69
weighted avg       0.99      0.99      0.99        69

2026-07-18 07:49:47 | INFO | M03 | Showing confusion matrix (rows = actual, cols = predicted)
2026-07-18 07:49:47 | DEBUG | M03 |   depth= 1  train=0.791  test=0.797
2026-07-18 07:49:47 | DEBUG | M03 |   depth= 2  train=0.960  test=0.986
2026-07-18 07:49:47 | DEBUG | M03 |   depth= 3  train=0.967  test=0.986
2026-07-18 07:49:47 | DEBUG | M03 |   depth= 4  train=0.989  test=1.000
2026-07-18 07:49:47 | DEBUG | M03 |   depth= 5  train=0.996  test=1.000
2026-07-18 07:49:47 | DEBUG | M03 |   depth= 6  train=0.996  test=1.000
2026-07-18 07:49:47 | DEBUG | M03 |   depth= 7  train=1.000  test=1.000
2026-07-18 07:49:47 | DEBUG | M03 |   depth= 8  train=1.000  test=1.000
2026-07-18 07:49:47 | DEBUG | M03 |   depth= 9  train=1.000  test=1.000
2026-07-18 07:49:47 | DEBUG | M03 |   depth=10  train=1.000  test=1.000
2026-07-18 07:49:47 | DEBUG | M03 |   depth=11  train=1.000  test=1.000
2026-07-18 07:49:47 | DEBUG | M03 |   depth=12  train=1.000  test=1.000
2026-07-18 07:49:47 | INFO | M03 | ========================
2026-07-18 07:49:47 | INFO | M03 | SUMMARY
2026-07-18 07:49:47 | INFO | M03 | ========================
2026-07-18 07:49:47 | INFO | M03 | Dataset:   penguins
2026-07-18 07:49:47 | INFO | M03 | Target:    species  (classification)
2026-07-18 07:49:47 | INFO | M03 | Features:  ['bill_length_mm', 'bill_depth_mm', 'flipper_length_mm', 'body_mass_g']
2026-07-18 07:49:47 | INFO | M03 | Model:     DecisionTreeClassifier(max_depth=3)
2026-07-18 07:49:47 | INFO | M03 | ========================
2026-07-18 21:09:43 | INFO | ML | === RUN START ===
2026-07-18 21:09:43 | INFO | ML | project=ML
2026-07-18 21:09:43 | INFO | ML | repo_dir=ml-03-classification
2026-07-18 21:09:43 | INFO | ML | python=3.14.2
2026-07-18 21:09:43 | INFO | ML | os=Windows 11
2026-07-18 21:09:43 | INFO | ML | shell=powershell
2026-07-18 21:09:43 | INFO | ML | cwd=.
2026-07-18 21:09:43 | INFO | ML | github_actions=False
2026-07-18 21:09:43 | INFO | ML | === RUN START ===
2026-07-18 21:09:43 | INFO | ML | project=ML
2026-07-18 21:09:43 | INFO | ML | repo_dir=ml-03-classification
2026-07-18 21:09:43 | INFO | ML | python=3.14.2
2026-07-18 21:09:43 | INFO | ML | os=Windows 11
2026-07-18 21:09:43 | INFO | ML | shell=powershell
2026-07-18 21:09:43 | INFO | ML | cwd=.
2026-07-18 21:09:43 | INFO | ML | github_actions=False
2026-07-18 21:09:43 | INFO | ML | ========================
2026-07-18 21:09:43 | INFO | ML | START main()
2026-07-18 21:09:43 | INFO | ML | ========================
2026-07-18 21:09:43 | INFO | ML | Load dataset..............
2026-07-18 21:09:43 | INFO | ML | Loading dataset: hours_scores_case
2026-07-18 21:09:43 | INFO | ML | Loaded: 10 rows, 6 columns
2026-07-18 21:09:43 | DEBUG | ML | 
   hours_studied  practice_quizzes  attendance_pct  sleep_hours  prior_score  score
0            2.0                 1              72          6.0           58     62
1            3.5                 2              80          6.5           61     68
2            4.0                 3              85          7.0           64     72
3            5.0                 3              88          7.5           66     76
4            6.0                 4              90          7.0           70     81
2026-07-18 21:09:43 | INFO | ML | Inspect dataset...........
2026-07-18 21:09:43 | INFO | ML | Column names
2026-07-18 21:09:43 | DEBUG | ML | ['hours_studied', 'practice_quizzes', 'attendance_pct', 'sleep_hours', 'prior_score', 'score']
2026-07-18 21:09:43 | INFO | ML | DataFrame info
2026-07-18 21:09:43 | INFO | ML | Dataset shape: 10 rows, 6 columns
2026-07-18 21:09:43 | INFO | ML | Check data quality........
2026-07-18 21:09:43 | INFO | ML | Missing values by column
2026-07-18 21:09:43 | DEBUG | ML | 
hours_studied       0
practice_quizzes    0
attendance_pct      0
sleep_hours         0
prior_score         0
score               0
dtype: int64
2026-07-18 21:09:43 | INFO | ML | Duplicate row count: 0
2026-07-18 21:09:43 | INFO | ML | Create clean view.........
2026-07-18 21:09:43 | INFO | ML | Creating clean modeling view
2026-07-18 21:09:43 | INFO | ML | Clean view: 10 rows, 6 columns
2026-07-18 21:09:43 | INFO | ML | Add derived feature.......
2026-07-18 21:09:43 | INFO | ML | Adding derived feature: engagement_score
2026-07-18 21:09:43 | DEBUG | ML | 
   hours_studied  attendance_pct  engagement_score
0            2.0              72              1.44
1            3.5              80              2.80
2            4.0              85              3.40
3            5.0              88              4.40
4            6.0              90              5.40
2026-07-18 21:09:43 | INFO | ML | Train supervised model....
2026-07-18 21:09:43 | INFO | ML | Training LinearRegression model
2026-07-18 21:09:43 | INFO | ML | Mean absolute error: 0.48
2026-07-18 21:09:43 | INFO | ML | R-squared: 1.00
2026-07-18 21:09:43 | INFO | ML | Predict one case..........
2026-07-18 21:09:43 | INFO | ML | Predicting one new case
2026-07-18 21:09:43 | INFO | ML | New case:
   hours_studied  practice_quizzes  attendance_pct  sleep_hours  prior_score  engagement_score
0            6.5                 4              92          7.0           72              5.98
2026-07-18 21:09:43 | INFO | ML | Predicted score: 83.4
2026-07-18 21:09:43 | INFO | ML | Save predictions report...
2026-07-18 21:09:43 | INFO | ML | Saving predictions report.......
2026-07-18 21:09:43 | INFO | ML | Saved predictions report to: data/processed/model_predictions.csv
2026-07-18 21:09:43 | DEBUG | ML | 
   hours_studied  practice_quizzes  attendance_pct  sleep_hours  prior_score  engagement_score  actual_score  \
8            9.0                 6              98          8.0           82              8.82            95   
1            3.5                 2              80          6.5           61              2.80            68   
5            7.5                 5              94          8.0           73              7.05            87   

   predicted_score  residual  
8        95.606824 -0.606824  
1        68.681365 -0.681365  
5        87.163780 -0.163780  
2026-07-18 21:09:43 | INFO | ML | Create charts.............
2026-07-18 21:09:43 | INFO | ML | Creating chart: hours studied vs score
2026-07-18 21:09:43 | INFO | ML | Creating chart: model coefficients
2026-07-18 21:09:43 | INFO | ML | Got a figure Figure(900x500) and axes Axes(0.125,0.11;0.775x0.77) from plt.subplots().
2026-07-18 21:09:43 | INFO | ML | Creating chart: actual vs predicted (residuals)
2026-07-18 21:09:43 | INFO | ML | Summarize workflow........
2026-07-18 21:09:43 | INFO | ML | ========================
2026-07-18 21:09:43 | INFO | ML | SUMMARY
2026-07-18 21:09:43 | INFO | ML | ========================
2026-07-18 21:09:43 | INFO | ML | Dataset: hours_scores_case
2026-07-18 21:09:43 | INFO | ML | Original rows: 10
2026-07-18 21:09:43 | INFO | ML | Clean rows: 10
2026-07-18 21:09:43 | INFO | ML | Features: ['hours_studied', 'practice_quizzes', 'attendance_pct', 'sleep_hours', 'prior_score', 'engagement_score']
2026-07-18 21:09:43 | INFO | ML | Target: score
2026-07-18 21:09:43 | INFO | ML | ----- in a script, call plt.show() once at the end to display all charts -----
2026-07-18 21:09:43 | INFO | ML | ----- in a script, CLOSE the chart windows with the close button to CONTINUE -----
2026-07-19 01:23:21 | INFO | ML | Workflow complete
2026-07-19 01:23:21 | INFO | ML | IMPORTANT: This script creates chart windows.
2026-07-19 01:23:21 | INFO | ML | Close chart windows and terminate this process with CTRL+c as needed.
2026-07-19 01:23:21 | INFO | ML | ========================
2026-07-19 01:23:21 | INFO | ML | Executed successfully!
2026-07-19 01:23:21 | INFO | ML | ========================
2026-07-19 01:49:05 | INFO | ML | === RUN START ===
2026-07-19 01:49:05 | INFO | ML | project=ML
2026-07-19 01:49:05 | INFO | ML | repo_dir=ml-03-classification
2026-07-19 01:49:05 | INFO | ML | python=3.14.2
2026-07-19 01:49:05 | INFO | ML | os=Windows 11
2026-07-19 01:49:05 | INFO | ML | shell=powershell
2026-07-19 01:49:05 | INFO | ML | cwd=.
2026-07-19 01:49:05 | INFO | ML | github_actions=False
2026-07-19 01:49:05 | INFO | ML | === RUN START ===
2026-07-19 01:49:05 | INFO | ML | project=ML
2026-07-19 01:49:05 | INFO | ML | repo_dir=ml-03-classification
2026-07-19 01:49:05 | INFO | ML | python=3.14.2
2026-07-19 01:49:05 | INFO | ML | os=Windows 11
2026-07-19 01:49:05 | INFO | ML | shell=powershell
2026-07-19 01:49:05 | INFO | ML | cwd=.
2026-07-19 01:49:05 | INFO | ML | github_actions=False
2026-07-19 01:49:05 | INFO | ML | ========================
2026-07-19 01:49:05 | INFO | ML | START main()
2026-07-19 01:49:05 | INFO | ML | ========================
2026-07-19 01:49:05 | INFO | ML | Load dataset..............
2026-07-19 01:49:05 | INFO | ML | Loading dataset: batch_quality_abdel
2026-07-19 01:49:05 | INFO | ML | Loaded: 300 rows, 10 columns
2026-07-19 01:49:05 | DEBUG | ML | 
  batch_id  mixing_time_min  process_temp_c  ph_level  viscosity_cp  raw_material_age_days  operator_experience_yrs  \
0  B100000             46.8            75.2      7.13        1258.0                     37                        4   
1  B100001             38.8            65.4      6.86        1215.0                     19                       14   
2  B100002             49.5            72.6      7.32        1178.0                     10                       10   
3  B100003             50.6            69.0      6.84        1438.0                     38                        6   
4  B100004             33.3            69.8      6.84        1107.0                     47                       10   

   humidity_pct  line_speed_units_min  batch_pass  
0          47.6                  76.7           1  
1          35.8                  78.5           1  
2          50.7                  74.4           1  
3          35.5                  75.6           0  
4          40.5                  79.6           1  
2026-07-19 01:49:05 | INFO | ML | Inspect dataset...........
2026-07-19 01:49:05 | INFO | ML | Column names
2026-07-19 01:49:05 | DEBUG | ML | ['batch_id', 'mixing_time_min', 'process_temp_c', 'ph_level', 'viscosity_cp', 'raw_material_age_days', 'operator_experience_yrs', 'humidity_pct', 'line_speed_units_min', 'batch_pass']
2026-07-19 01:49:05 | INFO | ML | DataFrame info
2026-07-19 01:49:05 | INFO | ML | Dataset shape: 300 rows, 10 columns
2026-07-19 01:49:05 | INFO | ML | Target class balance
2026-07-19 01:49:05 | DEBUG | ML | 
batch_pass
1    0.62
0    0.38
Name: proportion, dtype: float64
2026-07-19 01:49:05 | INFO | ML | Check data quality........
2026-07-19 01:49:05 | INFO | ML | Missing values by column
2026-07-19 01:49:05 | DEBUG | ML | 
batch_id                   0
mixing_time_min            0
process_temp_c             0
ph_level                   0
viscosity_cp               0
raw_material_age_days      0
operator_experience_yrs    0
humidity_pct               0
line_speed_units_min       0
batch_pass                 0
dtype: int64
2026-07-19 01:49:05 | INFO | ML | Duplicate row count: 0
2026-07-19 01:49:05 | INFO | ML | Create clean view.........
2026-07-19 01:49:05 | INFO | ML | Creating clean modeling view
2026-07-19 01:49:05 | INFO | ML | Clean view: 300 rows, 9 columns
2026-07-19 01:49:05 | INFO | ML | Train supervised model....
2026-07-19 01:49:05 | INFO | ML | Training DecisionTreeClassifier model
2026-07-19 01:49:05 | INFO | ML | Test accuracy: 0.644
2026-07-19 01:49:05 | INFO | ML | Confusion matrix (rows=actual, cols=predicted)
2026-07-19 01:49:05 | DEBUG | ML | 
[[18 16]
 [16 40]]
2026-07-19 01:49:05 | INFO | ML | Classification report (precision, recall, F1)
2026-07-19 01:49:05 | DEBUG | ML | 
              precision    recall  f1-score   support

        Fail       0.53      0.53      0.53        34
        Pass       0.71      0.71      0.71        56

    accuracy                           0.64        90
   macro avg       0.62      0.62      0.62        90
weighted avg       0.64      0.64      0.64        90

2026-07-19 01:49:05 | INFO | ML | Predict one case..........
2026-07-19 01:49:05 | INFO | ML | Predicting one new case
2026-07-19 01:49:05 | INFO | ML | New case:
   mixing_time_min  process_temp_c  ph_level  viscosity_cp  raw_material_age_days  operator_experience_yrs  \
0             44.5            69.8      7.02          1180                     15                        8   

   humidity_pct  line_speed_units_min  
0          46.0                  79.5  
2026-07-19 01:49:05 | INFO | ML | Predicted outcome: Pass
2026-07-19 01:49:05 | INFO | ML | Predicted probabilities: Fail=0.17, Pass=0.83
2026-07-19 01:49:05 | INFO | ML | Save predictions report...
2026-07-19 01:49:05 | INFO | ML | Saving predictions report.......
2026-07-19 01:49:05 | INFO | ML | Saved predictions report to: data/processed/batch_predictions_abdel.csv
2026-07-19 01:49:05 | DEBUG | ML | 
     mixing_time_min  process_temp_c  ph_level  viscosity_cp  raw_material_age_days  operator_experience_yrs  \
216             48.2            72.0      6.90        1370.0                     57                       18   
7               43.1            73.9      7.11        1008.0                     12                        0   
254             43.5            69.7      7.07        1305.0                     13                        2   
58              39.8            67.4      7.30        1200.0                     82                       18   
214             43.0            72.4      6.84        1215.0                     22                       14   
..               ...             ...       ...           ...                    ...                      ...   
299             47.0            64.7      6.62        1041.0                      4                        9   
206             39.9            77.3      6.97         997.0                     52                        5   
155             55.6            70.5      7.28        1421.0                      1                        6   
274             54.4            70.6      6.53        1187.0                     20                       14   
96              37.1            72.3      6.42        1315.0                     34                       17   

     humidity_pct  line_speed_units_min  actual_batch_pass  predicted_batch_pass  correct_prediction  
216          50.1                  86.6                  1                     1                True  
7            47.6                  75.9                  0                     0                True  
254          38.8                  87.7                  1                     1                True  
58           34.0                  84.8                  1                     1                True  
214          40.4                  67.4                  1                     1                True  
..            ...                   ...                ...                   ...                 ...  
299          42.4                  87.8                  1                     0               False  
206          46.1                  84.3                  1                     0               False  
155          55.2                  82.5                  0                     1               False  
274          41.4                  76.6                  1                     0               False  
96           43.6                  68.6                  0                     1               False  

[90 rows x 11 columns]
2026-07-19 01:49:05 | INFO | ML | Create charts.............
2026-07-19 01:49:05 | INFO | ML | Creating chart: confusion matrix
2026-07-19 01:49:05 | INFO | ML | Creating chart: feature importance
2026-07-19 01:49:05 | INFO | ML | Summarize workflow........
2026-07-19 01:49:05 | INFO | ML | ========================
2026-07-19 01:49:05 | INFO | ML | SUMMARY
2026-07-19 01:49:05 | INFO | ML | ========================
2026-07-19 01:49:05 | INFO | ML | Dataset: batch_quality_abdel
2026-07-19 01:49:05 | INFO | ML | Original rows: 300
2026-07-19 01:49:05 | INFO | ML | Clean rows: 300
2026-07-19 01:49:05 | INFO | ML | Features: ['mixing_time_min', 'process_temp_c', 'ph_level', 'viscosity_cp', 'raw_material_age_days', 'operator_experience_yrs', 'humidity_pct', 'line_speed_units_min']
2026-07-19 01:49:05 | INFO | ML | Target: batch_pass
2026-07-19 01:49:05 | INFO | ML | ----- in a script, call plt.show() once at the end to display all charts -----
2026-07-19 01:49:05 | INFO | ML | ----- in a script, CLOSE the chart windows with the close button to CONTINUE -----
2026-07-19 02:04:17 | INFO | ML | Workflow complete
2026-07-19 02:04:17 | INFO | ML | IMPORTANT: This script creates chart windows.
2026-07-19 02:04:17 | INFO | ML | Close chart windows and terminate this process with CTRL+c as needed.
2026-07-19 02:04:17 | INFO | ML | ========================
2026-07-19 02:04:17 | INFO | ML | Executed successfully!
2026-07-19 02:04:17 | INFO | ML | ========================
2026-07-19 02:09:49 | INFO | M03 | === RUN START ===
2026-07-19 02:09:49 | INFO | M03 | project=M03
2026-07-19 02:09:49 | INFO | M03 | repo_dir=ml-03-classification
2026-07-19 02:09:49 | INFO | M03 | python=3.14.2
2026-07-19 02:09:49 | INFO | M03 | os=Windows 11
2026-07-19 02:09:49 | INFO | M03 | shell=powershell
2026-07-19 02:09:49 | INFO | M03 | cwd=notebooks
2026-07-19 02:09:49 | INFO | M03 | github_actions=False
2026-07-19 02:09:49 | INFO | M03 | Confirming installation:
2026-07-19 02:09:49 | INFO | M03 |   python:       3.14.2
2026-07-19 02:09:49 | INFO | M03 |   pandas:       3.0.3
2026-07-19 02:09:49 | INFO | M03 |   numpy:        2.5.1
2026-07-19 02:09:49 | INFO | M03 |   scikit-learn: 1.9.0
2026-07-19 02:09:49 | INFO | M03 |   seaborn:      0.13.2
2026-07-19 02:09:49 | INFO | M03 |   matplotlib:   3.11.1
2026-07-19 02:09:49 | INFO | M03 | Loading dataset: penguins
2026-07-19 02:09:49 | INFO | M03 | Loaded: 344 rows (instances), 7 columns
2026-07-19 02:09:49 | INFO | M03 | Original rows: 344
2026-07-19 02:09:49 | INFO | M03 | Model rows:    342
2026-07-19 02:09:49 | INFO | M03 | Classes in target 'species': ['Adelie', 'Chinstrap', 'Gentoo']
2026-07-19 02:09:49 | DEBUG | M03 | Class counts:
species
Adelie       151
Gentoo       123
Chinstrap     68
Name: count, dtype: int64
2026-07-19 02:09:49 | INFO | M03 | Train instances: 273
2026-07-19 02:09:49 | INFO | M03 | Test instances: 69
2026-07-19 02:09:49 | INFO | M03 | Fitting DecisionTreeClassifier(max_depth=3)
2026-07-19 02:09:49 | INFO | M03 | Test accuracy: 0.986
2026-07-19 02:09:49 | INFO | M03 | Per-class precision / recall / F1:
2026-07-19 02:09:49 | DEBUG | M03 | 
              precision    recall  f1-score   support

      Adelie       0.97      1.00      0.98        30
   Chinstrap       1.00      0.93      0.96        14
      Gentoo       1.00      1.00      1.00        25

    accuracy                           0.99        69
   macro avg       0.99      0.98      0.98        69
weighted avg       0.99      0.99      0.99        69

2026-07-19 02:09:49 | INFO | M03 | Showing confusion matrix (rows = actual, cols = predicted)
2026-07-19 02:09:49 | DEBUG | M03 |   depth= 1  train=0.791  test=0.797
2026-07-19 02:09:49 | DEBUG | M03 |   depth= 2  train=0.960  test=0.986
2026-07-19 02:09:49 | DEBUG | M03 |   depth= 3  train=0.967  test=0.986
2026-07-19 02:09:49 | DEBUG | M03 |   depth= 4  train=0.989  test=1.000
2026-07-19 02:09:49 | DEBUG | M03 |   depth= 5  train=0.996  test=1.000
2026-07-19 02:09:49 | DEBUG | M03 |   depth= 6  train=0.996  test=1.000
2026-07-19 02:09:49 | DEBUG | M03 |   depth= 7  train=1.000  test=1.000
2026-07-19 02:09:49 | DEBUG | M03 |   depth= 8  train=1.000  test=1.000
2026-07-19 02:09:49 | DEBUG | M03 |   depth= 9  train=1.000  test=1.000
2026-07-19 02:09:49 | DEBUG | M03 |   depth=10  train=1.000  test=1.000
2026-07-19 02:09:49 | DEBUG | M03 |   depth=11  train=1.000  test=1.000
2026-07-19 02:09:49 | DEBUG | M03 |   depth=12  train=1.000  test=1.000
2026-07-19 02:09:50 | INFO | M03 | ========================
2026-07-19 02:09:50 | INFO | M03 | SUMMARY
2026-07-19 02:09:50 | INFO | M03 | ========================
2026-07-19 02:09:50 | INFO | M03 | Dataset:   penguins
2026-07-19 02:09:50 | INFO | M03 | Target:    species  (classification)
2026-07-19 02:09:50 | INFO | M03 | Features:  ['bill_length_mm', 'bill_depth_mm', 'flipper_length_mm', 'body_mass_g']
2026-07-19 02:09:50 | INFO | M03 | Model:     DecisionTreeClassifier(max_depth=3)
2026-07-19 02:09:50 | INFO | M03 | ========================
2026-07-19 02:30:15 | INFO | ML | === RUN START ===
2026-07-19 02:30:15 | INFO | ML | project=ML
2026-07-19 02:30:15 | INFO | ML | repo_dir=ml-03-classification
2026-07-19 02:30:15 | INFO | ML | python=3.14.2
2026-07-19 02:30:15 | INFO | ML | os=Windows 11
2026-07-19 02:30:15 | INFO | ML | shell=powershell
2026-07-19 02:30:15 | INFO | ML | cwd=notebooks
2026-07-19 02:30:15 | INFO | ML | github_actions=False
2026-07-19 02:30:15 | INFO | ML | Loading dataset: penguins
2026-07-19 02:30:15 | INFO | ML | Loaded: 344 rows, 7 columns
2026-07-19 02:30:15 | INFO | ML | Added derived feature: bill_ratio (bill_length_mm / bill_depth_mm)
2026-07-19 02:30:15 | INFO | ML | Clean modeling view: 342 rows, 6 columns
2026-07-19 02:30:15 | INFO | ML | Train instances: 273
2026-07-19 02:30:15 | INFO | ML | Test instances: 69
2026-07-19 02:30:15 | INFO | ML | Fitting DecisionTreeClassifier(max_depth=3)
2026-07-19 02:30:15 | INFO | ML | Test accuracy: 0.986
2026-07-19 02:30:15 | INFO | ML | Classification report:
2026-07-19 02:36:32 | INFO | ML | === RUN START ===
2026-07-19 02:36:32 | INFO | ML | project=ML
2026-07-19 02:36:32 | INFO | ML | repo_dir=ml-03-classification
2026-07-19 02:36:32 | INFO | ML | python=3.14.2
2026-07-19 02:36:32 | INFO | ML | os=Windows 11
2026-07-19 02:36:32 | INFO | ML | shell=powershell
2026-07-19 02:36:32 | INFO | ML | cwd=notebooks
2026-07-19 02:36:32 | INFO | ML | github_actions=False
2026-07-19 03:12:47 | INFO | ML | === RUN START ===
2026-07-19 03:12:47 | INFO | ML | project=ML
2026-07-19 03:12:47 | INFO | ML | repo_dir=ml-03-classification
2026-07-19 03:12:47 | INFO | ML | python=3.14.2
2026-07-19 03:12:47 | INFO | ML | os=Windows 11
2026-07-19 03:12:47 | INFO | ML | shell=powershell
2026-07-19 03:12:47 | INFO | ML | cwd=notebooks
2026-07-19 03:12:47 | INFO | ML | github_actions=False
2026-07-19 03:12:47 | INFO | ML | Loading dataset: penguins
2026-07-19 03:12:47 | INFO | ML | Loaded: 344 rows, 7 columns
2026-07-19 03:12:47 | INFO | ML | Added derived feature: bill_ratio (bill_length_mm / bill_depth_mm)
2026-07-19 03:12:47 | INFO | ML | Clean modeling view: 342 rows, 6 columns
2026-07-19 03:12:48 | INFO | ML | Train instances: 273
2026-07-19 03:12:48 | INFO | ML | Test instances: 69
2026-07-19 03:12:48 | INFO | ML | Fitting DecisionTreeClassifier(max_depth=3)
2026-07-19 03:12:48 | INFO | ML | Test accuracy: 0.986
2026-07-19 03:12:48 | INFO | ML | Classification report:
2026-07-19 03:20:22 | INFO | ML | === RUN START ===
2026-07-19 03:20:22 | INFO | ML | project=ML
2026-07-19 03:20:22 | INFO | ML | repo_dir=ml-03-classification
2026-07-19 03:20:22 | INFO | ML | python=3.14.2
2026-07-19 03:20:22 | INFO | ML | os=Windows 11
2026-07-19 03:20:22 | INFO | ML | shell=powershell
2026-07-19 03:20:22 | INFO | ML | cwd=notebooks
2026-07-19 03:20:22 | INFO | ML | github_actions=False
2026-07-19 03:20:22 | INFO | ML | Loading dataset: penguins
2026-07-19 03:20:22 | INFO | ML | Loaded: 344 rows, 7 columns
2026-07-19 03:20:22 | INFO | ML | Added derived feature: bill_ratio (bill_length_mm / bill_depth_mm)
2026-07-19 03:20:22 | INFO | ML | Clean modeling view: 342 rows, 6 columns
2026-07-19 03:20:23 | INFO | ML | Train instances: 273
2026-07-19 03:20:23 | INFO | ML | Test instances: 69
2026-07-19 03:20:23 | INFO | ML | Fitting DecisionTreeClassifier(max_depth=3)
2026-07-19 03:20:23 | INFO | ML | Test accuracy: 0.986
2026-07-19 03:20:23 | INFO | ML | Classification report:
2026-07-19 03:21:14 | INFO | ML | === RUN START ===
2026-07-19 03:21:14 | INFO | ML | project=ML
2026-07-19 03:21:14 | INFO | ML | repo_dir=ml-03-classification
2026-07-19 03:21:14 | INFO | ML | python=3.14.2
2026-07-19 03:21:14 | INFO | ML | os=Windows 11
2026-07-19 03:21:14 | INFO | ML | shell=powershell
2026-07-19 03:21:14 | INFO | ML | cwd=notebooks
2026-07-19 03:21:14 | INFO | ML | github_actions=False
2026-07-19 03:21:28 | INFO | ML | === RUN START ===
2026-07-19 03:21:28 | INFO | ML | project=ML
2026-07-19 03:21:28 | INFO | ML | repo_dir=ml-03-classification
2026-07-19 03:21:28 | INFO | ML | python=3.14.2
2026-07-19 03:21:28 | INFO | ML | os=Windows 11
2026-07-19 03:21:28 | INFO | ML | shell=powershell
2026-07-19 03:21:28 | INFO | ML | cwd=notebooks
2026-07-19 03:21:28 | INFO | ML | github_actions=False
2026-07-19 03:21:28 | INFO | ML | Loading dataset: penguins
2026-07-19 03:21:28 | INFO | ML | Loaded: 344 rows, 7 columns
2026-07-19 03:21:28 | INFO | ML | Added derived feature: bill_ratio (bill_length_mm / bill_depth_mm)
2026-07-19 03:21:28 | INFO | ML | Clean modeling view: 342 rows, 6 columns
2026-07-19 03:21:28 | INFO | ML | Train instances: 273
2026-07-19 03:21:28 | INFO | ML | Test instances: 69
2026-07-19 03:21:28 | INFO | ML | Fitting DecisionTreeClassifier(max_depth=3)
2026-07-19 03:21:28 | INFO | ML | Test accuracy: 0.986
2026-07-19 03:21:28 | INFO | ML | Classification report:
2026-07-19 03:23:24 | INFO | ML | Saved classification report to: ../data/processed/penguins_classification_report_abdel.csv
2026-07-19 03:23:29 | INFO | ML | === RUN START ===
2026-07-19 03:23:29 | INFO | ML | project=ML
2026-07-19 03:23:29 | INFO | ML | repo_dir=ml-03-classification
2026-07-19 03:23:29 | INFO | ML | python=3.14.2
2026-07-19 03:23:29 | INFO | ML | os=Windows 11
2026-07-19 03:23:29 | INFO | ML | shell=powershell
2026-07-19 03:23:29 | INFO | ML | cwd=notebooks
2026-07-19 03:23:29 | INFO | ML | github_actions=False
2026-07-19 03:23:29 | INFO | ML | Loading dataset: penguins
2026-07-19 03:23:29 | INFO | ML | Loaded: 344 rows, 7 columns
2026-07-19 03:23:29 | INFO | ML | Added derived feature: bill_ratio (bill_length_mm / bill_depth_mm)
2026-07-19 03:23:29 | INFO | ML | Clean modeling view: 342 rows, 6 columns
2026-07-19 03:23:29 | INFO | ML | Train instances: 273
2026-07-19 03:23:29 | INFO | ML | Test instances: 69
2026-07-19 03:23:29 | INFO | ML | Fitting DecisionTreeClassifier(max_depth=3)
2026-07-19 03:23:29 | INFO | ML | Test accuracy: 0.986
2026-07-19 03:23:29 | INFO | ML | Classification report:
2026-07-19 03:23:30 | INFO | ML | Saved classification report to: ../data/processed/penguins_classification_report_abdel.csv
2026-07-19 03:23:30 | INFO | ML | ========================
2026-07-19 03:23:30 | INFO | ML | SUMMARY
2026-07-19 03:23:30 | INFO | ML | ========================
2026-07-19 03:23:30 | INFO | ML | Dataset:   penguins
2026-07-19 03:23:30 | INFO | ML | Target:    species  (classification)
2026-07-19 03:23:30 | INFO | ML | Features:  ['bill_length_mm', 'bill_depth_mm', 'bill_ratio', 'flipper_length_mm', 'body_mass_g']
2026-07-19 03:23:30 | INFO | ML | Model:     DecisionTreeClassifier(max_depth=3)
2026-07-19 03:23:30 | INFO | ML | Test accuracy: 0.986
2026-07-19 03:23:30 | INFO | ML | ========================
